Log of NeuralNetwork forward pass: // 神经网络前向传播日志
	Random seed: 1626722175 // 随机种子
	Time elapsed: 1.742s (1.74s spent logging) // 耗时
	Structure: // 结构
		- purely feedforward, no recurrence // 纯前馈，无循环
		- no branching // 无分支
		- no conditional (if-then) branching // 无条件（if-then）分支
		- 3 total modules // 3个模块
	Tensor info: // 张量信息
		- 6 total tensors (976 B) computed in forward pass. // 前向传播中计算的6个张量（976 B）
		- 6 tensors (976 B) with saved activations. // 6个张量（976 B）保存了激活
	Parameters: 2 parameter operations (17 params total; 548 B) // 参数：2个参数操作（总共17个参数；548 B）
	Module Hierarchy: // 模块层次
		input_to_hidden // 输入到隐藏
		sigmoid:1 // sigmoid:1
		hidden_to_output // 隐藏到输出
		sigmoid:2 // sigmoid:2
	Layers (all have saved activations): // 层（所有层都有保存的激活）
		  (0) input_1        // 输入
		  (1) linear_1_1     // 线性
		  (2) sigmoid_1_2    // sigmoid
		  (3) linear_2_3     // 线性
		  (4) sigmoid_2_4    // sigmoid
		  (5) output_1       // 输出